[H[2J[3J[33m
  Progress Report (23/01/16, 12:27:37):
[0m
[33m   1) [0mReading experimental data from 2 files ..... [0m[93m[Ongoing][0m
[0m
[H[2J[3J[33m
  Progress Report (23/01/16, 12:27:37):
[0m
[33m   1) [0mReading experimental data from 2 files ..... [0m[92m[Complete][0m (0.03s)[0m
[33m   2) [0mDefining the model ......................... [0m[93m[Ongoing][0m
[0m
[H[2J[3J[33m
  Progress Report (23/01/16, 12:27:37):
[0m
[33m   1) [0mReading experimental data from 2 files ..... [0m[92m[Complete][0m (0.03s)[0m
[33m   2) [0mDefining the model ......................... [0m[92m[Complete][0m (0.02s)[0m
[33m   3) [0mDefining the errors to minimise ............ [0m[93m[Ongoing][0m
[0m
[H[2J[3J[33m
  Progress Report (23/01/16, 12:27:37):
[0m
[33m   1) [0mReading experimental data from 2 files ..... [0m[92m[Complete][0m (0.03s)[0m
[33m   2) [0mDefining the model ......................... [0m[92m[Complete][0m (0.02s)[0m
[33m   3) [0mDefining the errors to minimise ............ [0m[92m[Complete][0m (0.03s)[0m
[33m   4) [0mDefining the constraints to adhere ......... [0m[93m[Ongoing][0m
[0m
[H[2J[3J[33m
  Progress Report (23/01/16, 12:27:37):
[0m
[33m   1) [0mReading experimental data from 2 files ..... [0m[92m[Complete][0m (0.03s)[0m
[33m   2) [0mDefining the model ......................... [0m[92m[Complete][0m (0.02s)[0m
[33m   3) [0mDefining the errors to minimise ............ [0m[92m[Complete][0m (0.03s)[0m
[33m   4) [0mDefining the constraints to adhere ......... [0m[92m[Complete][0m (0.04s)[0m
[33m   5) [0mPreparing the results recorder ............. [0m[93m[Ongoing][0m
[0m
[H[2J[3J[33m
  Progress Report (23/01/16, 12:27:37):
[0m
[33m   1) [0mReading experimental data from 2 files ..... [0m[92m[Complete][0m (0.03s)[0m
[33m   2) [0mDefining the model ......................... [0m[92m[Complete][0m (0.02s)[0m
[33m   3) [0mDefining the errors to minimise ............ [0m[92m[Complete][0m (0.03s)[0m
[33m   4) [0mDefining the constraints to adhere ......... [0m[92m[Complete][0m (0.04s)[0m
[33m   5) [0mPreparing the results recorder ............. [0m[92m[Complete][0m (0.05s)[0m
[33m   6) [0mOptimising the parameters of the model ..... [0m[93m[Ongoing][0m
[0m
